2025-12-07 10:07:15 - INFO - ====== WebDriver manager ======
2025-12-07 10:07:25 - INFO - Get LATEST chromedriver version for google-chrome
2025-12-07 10:07:26 - INFO - Get LATEST chromedriver version for google-chrome
2025-12-07 10:07:27 - INFO - There is no [win64] chromedriver "142.0.7444.175" for browser google-chrome "142.0.7444" in cache
2025-12-07 10:07:27 - INFO - Get LATEST chromedriver version for google-chrome
2025-12-07 10:07:28 - INFO - WebDriver version 142.0.7444.175 selected
2025-12-07 10:07:28 - INFO - Modern chrome version https://storage.googleapis.com/chrome-for-testing-public/142.0.7444.175/win32/chromedriver-win32.zip
2025-12-07 10:07:28 - INFO - About to download new driver from https://storage.googleapis.com/chrome-for-testing-public/142.0.7444.175/win32/chromedriver-win32.zip
2025-12-07 10:07:29 - INFO - Driver downloading response is 200
2025-12-07 10:07:29 - INFO - Get LATEST chromedriver version for google-chrome
2025-12-07 10:07:32 - INFO - Driver has been saved in cache [C:\Users\Cdfar\.wdm\drivers\chromedriver\win64\142.0.7444.175]
2025-12-07 10:08:07 - INFO - ====== WebDriver manager ======
2025-12-07 10:08:09 - INFO - Get LATEST chromedriver version for google-chrome
2025-12-07 10:08:10 - INFO - Get LATEST chromedriver version for google-chrome
2025-12-07 10:08:10 - INFO - Driver [C:\Users\Cdfar\.wdm\drivers\chromedriver\win64\142.0.7444.175\chromedriver-win32/chromedriver.exe] found in cache
2025-12-07 10:08:26 - INFO - ====== WebDriver manager ======
2025-12-07 10:08:28 - INFO - Get LATEST chromedriver version for google-chrome
2025-12-07 10:08:29 - INFO - Get LATEST chromedriver version for google-chrome
2025-12-07 10:08:29 - INFO - Driver [C:\Users\Cdfar\.wdm\drivers\chromedriver\win64\142.0.7444.175\chromedriver-win32/chromedriver.exe] found in cache
2025-12-07 10:08:47 - INFO - ====== WebDriver manager ======
2025-12-07 10:08:49 - INFO - Get LATEST chromedriver version for google-chrome
2025-12-07 10:08:49 - INFO - Get LATEST chromedriver version for google-chrome
2025-12-07 10:08:50 - INFO - Driver [C:\Users\Cdfar\.wdm\drivers\chromedriver\win64\142.0.7444.175\chromedriver-win32/chromedriver.exe] found in cache
2025-12-07 10:09:09 - INFO - ====== WebDriver manager ======
2025-12-07 10:09:11 - INFO - Get LATEST chromedriver version for google-chrome
2025-12-07 10:09:11 - INFO - Get LATEST chromedriver version for google-chrome
2025-12-07 10:09:12 - INFO - Driver [C:\Users\Cdfar\.wdm\drivers\chromedriver\win64\142.0.7444.175\chromedriver-win32/chromedriver.exe] found in cache
